\BOOKMARK [1][-]{section.1}{\376\377\000L\000i\000n\000u\000x\000\040\136\163\123\360\116\013\166\204\127\372\147\054\124\175\116\344}{}% 1
\BOOKMARK [2][-]{subsection.1.1}{\376\377\145\207\116\366\124\214\166\356\137\125\144\315\117\134}{section.1}% 2
\BOOKMARK [2][-]{subsection.1.2}{\376\377\145\207\116\366\121\205\133\271\147\345\167\013\116\016\131\004\164\006\124\175\116\344}{section.1}% 3
\BOOKMARK [2][-]{subsection.1.3}{\376\377\174\373\176\337\117\341\140\157\147\345\167\013\124\175\116\344}{section.1}% 4
\BOOKMARK [2][-]{subsection.1.4}{\376\377\147\103\226\120\166\370\121\163\124\175\116\344}{section.1}% 5
\BOOKMARK [2][-]{subsection.1.5}{\376\377\221\315\133\232\124\021\116\016\225\031\213\357\217\223\121\372}{section.1}% 6
\BOOKMARK [2][-]{subsection.1.6}{\376\377\173\241\220\123\173\046\176\304\124\010\124\175\116\344}{section.1}% 7
\BOOKMARK [2][-]{subsection.1.7}{\376\377\136\070\211\301\124\175\116\344\225\031\213\357\116\016\143\222\147\345}{section.1}% 8
\BOOKMARK [2][-]{subsection.1.8}{\376\377\176\374\124\010\124\175\116\344\176\303\116\140\131\015\166\330}{section.1}% 9
\BOOKMARK [2][-]{subsection.1.9}{\376\377\133\236\232\214\134\017\176\323}{section.1}% 10
\BOOKMARK [1][-]{section.2}{\376\377\000L\000i\000n\000u\000x\000\040\116\013\166\204\000\040\000S\000h\000e\000l\000l\000\040\177\026\172\013\150\110\117\213}{}% 11
\BOOKMARK [2][-]{subsection.2.1}{\376\377\172\013\136\217\122\237\200\375\213\364\146\016}{section.2}% 12
\BOOKMARK [2][-]{subsection.2.2}{\376\377\000S\000h\000e\000l\000l\000\040\201\032\147\054\142\147\210\114\145\271\154\325}{section.2}% 13
\BOOKMARK [2][-]{subsection.2.3}{\376\377\172\013\136\217\133\236\163\260\140\035\215\357}{section.2}% 14
\BOOKMARK [2][-]{subsection.2.4}{\376\377\150\110\117\213\134\125\171\072}{section.2}% 15
\BOOKMARK [2][-]{subsection.2.5}{\376\377\000S\000h\000e\000l\000l\000\040\172\013\136\217\214\003\213\325\145\271\154\325}{section.2}% 16
\BOOKMARK [2][-]{subsection.2.6}{\376\377\201\032\147\054\123\357\176\364\142\244\140\047\122\006\147\220}{section.2}% 17
\BOOKMARK [2][-]{subsection.2.7}{\376\377\203\334\123\125\137\252\163\257\116\016\145\160\143\156\155\101\122\006\147\220}{section.2}% 18
\BOOKMARK [2][-]{subsection.2.8}{\376\377\133\236\232\214\134\017\176\323}{section.2}% 19
\BOOKMARK [2][-]{subsection.2.9}{\376\377\156\220\116\343\170\001\116\016\230\230\136\223\134\125\171\072}{section.2}% 20
\BOOKMARK [3][-]{subsubsection.2.9.1}{\376\377\000S\000h\000e\000l\000l\000\040\201\032\147\054}{subsection.2.9}% 21
\BOOKMARK [3][-]{subsubsection.2.9.2}{\376\377\230\230\136\223\145\207\116\366}{subsection.2.9}% 22
\BOOKMARK [1][-]{section.3}{\376\377\000T\000e\000r\000m\000S\000y\000n\000c\377\032\176\310\172\357\123\117\124\014\116\343\170\001\177\026\217\221\126\150}{}% 23
\BOOKMARK [2][-]{subsection.3.1}{\376\377\230\171\166\356\151\202\217\360}{section.3}% 24
\BOOKMARK [2][-]{subsection.3.2}{\376\377\230\171\166\356\200\314\146\157}{section.3}% 25
\BOOKMARK [2][-]{subsection.3.3}{\376\377\122\237\200\375\143\317\217\360}{section.3}% 26
\BOOKMARK [3][-]{subsubsection.3.3.1}{\376\377\131\032\116\272\217\336\143\245\116\016\145\207\150\143\124\014\153\145}{subsection.3.3}% 27
\BOOKMARK [3][-]{subsubsection.3.3.2}{\376\377\133\127\173\046\176\247\177\026\217\221\144\315\117\134}{subsection.3.3}% 28
\BOOKMARK [3][-]{subsubsection.3.3.3}{\376\377\000A\000C\000K\000\040\232\161\122\250\166\204\133\242\142\067\172\357\123\321\220\001\226\037\122\027}{subsection.3.3}% 29
\BOOKMARK [3][-]{subsubsection.3.3.4}{\376\377\147\015\122\241\172\357\116\073\133\374\000\040\000O\000T\000\040\116\016\121\150\134\100\162\110\147\054}{subsection.3.3}% 30
\BOOKMARK [3][-]{subsubsection.3.3.5}{\376\377\117\335\133\130\060\001\201\352\122\250\117\335\133\130\116\016\177\026\217\221\145\345\137\327}{subsection.3.3}% 31
\BOOKMARK [3][-]{subsubsection.3.3.6}{\376\377\123\206\123\362\210\301\122\152\116\016\221\315\124\014\153\145}{subsection.3.3}% 32
\BOOKMARK [2][-]{subsection.3.4}{\376\377\213\276\213\241\140\035\215\357}{section.3}% 33
\BOOKMARK [3][-]{subsubsection.3.4.1}{\376\377\140\073\117\123\147\266\147\204}{subsection.3.4}% 34
\BOOKMARK [3][-]{subsubsection.3.4.2}{\376\377\177\121\176\334\123\117\213\256\213\276\213\241}{subsection.3.4}% 35
\BOOKMARK [3][-]{subsubsection.3.4.3}{\376\377\145\207\150\143\225\001\116\016\121\150\134\100\230\172\136\217}{subsection.3.4}% 36
\BOOKMARK [3][-]{subsubsection.3.4.4}{\376\377\000O\000T\000\040\117\115\177\156\123\330\143\142\211\304\122\031}{subsection.3.4}% 37
\BOOKMARK [3][-]{subsubsection.3.4.5}{\376\377\133\242\142\067\172\357\162\266\140\001\147\072}{subsection.3.4}% 38
\BOOKMARK [3][-]{subsubsection.3.4.6}{\376\377\201\352\122\250\117\335\133\130\217\333\172\013}{subsection.3.4}% 39
\BOOKMARK [2][-]{subsection.3.5}{\376\377\155\113\213\325\116\016\232\214\213\301}{section.3}% 40
\BOOKMARK [3][-]{subsubsection.3.5.1}{\376\377\123\125\121\103\155\113\213\325}{subsection.3.5}% 41
\BOOKMARK [3][-]{subsubsection.3.5.2}{\376\377\147\054\127\060\232\214\213\301}{subsection.3.5}% 42
\BOOKMARK [3][-]{subsubsection.3.5.3}{\376\377\220\350\177\162\232\214\213\301}{subsection.3.5}% 43
\BOOKMARK [2][-]{subsection.3.6}{\376\377\225\356\230\230\116\016\211\343\121\263\145\271\150\110}{section.3}% 44
\BOOKMARK [3][-]{subsubsection.3.6.1}{\376\377\136\166\123\321\144\315\117\134\230\172\136\217\116\015\170\156\133\232}{subsection.3.6}% 45
\BOOKMARK [3][-]{subsubsection.3.6.2}{\376\377\145\347\162\110\147\054\144\315\117\134\117\115\177\156\131\061\145\110}{subsection.3.6}% 46
\BOOKMARK [3][-]{subsubsection.3.6.3}{\376\377\217\336\176\355\217\223\121\145\133\271\146\023\116\042\131\061\142\026\116\161\136\217}{subsection.3.6}% 47
\BOOKMARK [3][-]{subsubsection.3.6.4}{\376\377\116\055\145\207\217\336\176\355\217\223\121\145\145\366\121\111\150\007\210\253\000\040\000A\000C\000K\000\040\142\311\126\336}{subsection.3.6}% 48
\BOOKMARK [3][-]{subsubsection.3.6.5}{\376\377\141\142\133\242\142\067\172\357\123\357\200\375\226\073\130\136\147\015\122\241\172\357}{subsection.3.6}% 49
\BOOKMARK [3][-]{subsubsection.3.6.6}{\376\377\123\206\123\362\145\340\226\120\130\236\225\177}{subsection.3.6}% 50
\BOOKMARK [3][-]{subsubsection.3.6.7}{\376\377\145\207\116\366\117\335\133\130\123\357\200\375\211\206\166\326\145\347\121\205\133\271}{subsection.3.6}% 51
\BOOKMARK [3][-]{subsubsection.3.6.8}{\376\377\147\015\122\241\172\357\000\040\000C\000t\000r\000l\000-\000C\000\040\220\000\121\372\116\015\123\357\227\140}{subsection.3.6}% 52
\BOOKMARK [3][-]{subsubsection.3.6.9}{\376\377\116\055\145\207\133\127\173\046\146\076\171\072\133\275\136\246}{subsection.3.6}% 53
\BOOKMARK [2][-]{subsection.3.7}{\376\377\213\376\172\013\167\345\213\306\160\271\133\371\136\224\121\163\174\373}{section.3}% 54
\BOOKMARK [3][-]{subsubsection.3.7.1}{\376\377\177\121\176\334\177\026\172\013\116\016\225\177\217\336\143\245\147\015\122\241}{subsection.3.7}% 55
\BOOKMARK [3][-]{subsubsection.3.7.2}{\376\377\176\277\172\013\124\014\153\145\116\016\116\064\165\114\123\072\143\247\122\066}{subsection.3.7}% 56
\BOOKMARK [3][-]{subsubsection.3.7.3}{\376\377\217\333\172\013\225\364\220\032\117\341\116\016\145\207\116\366\143\001\116\105\123\026}{subsection.3.7}% 57
\BOOKMARK [3][-]{subsubsection.3.7.4}{\376\377\176\310\172\357\116\244\116\222\116\016\165\050\142\067\117\123\232\214}{subsection.3.7}% 58
\BOOKMARK [3][-]{subsubsection.3.7.5}{\376\377\155\113\213\325\232\161\122\250\166\204\213\376\172\013\230\171\166\356\232\214\213\301}{subsection.3.7}% 59
\BOOKMARK [3][-]{subsubsection.3.7.6}{\376\377\121\163\225\056\217\320\210\114\155\101\172\013\151\202\211\310}{subsection.3.7}% 60
\BOOKMARK [2][-]{subsection.3.8}{\376\377\230\171\166\356\116\015\215\263\116\016\145\071\217\333\145\271\124\021}{section.3}% 61
\BOOKMARK [2][-]{subsection.3.9}{\376\377\116\343\170\001\134\125\171\072}{section.3}% 62
\BOOKMARK [3][-]{subsubsection.3.9.1}{\376\377\230\171\166\356\176\323\147\204}{subsection.3.9}% 63
\BOOKMARK [3][-]{subsubsection.3.9.2}{\376\377\147\204\136\372\211\304\122\031\116\016\121\154\121\161\174\173\127\213}{subsection.3.9}% 64
\BOOKMARK [3][-]{subsubsection.3.9.3}{\376\377\123\117\213\256\116\016\000\040\000U\000T\000F\000-\0008\000\040\145\207\147\054\135\345\121\167}{subsection.3.9}% 65
\BOOKMARK [3][-]{subsubsection.3.9.4}{\376\377\147\015\122\241\172\357\147\103\132\001\145\207\150\143\116\016\000\040\000O\000T}{subsection.3.9}% 66
\BOOKMARK [3][-]{subsubsection.3.9.5}{\376\377\147\015\122\241\172\357\217\336\143\245\060\001\136\177\144\255\116\016\116\213\116\366\217\223\121\372}{subsection.3.9}% 67
\BOOKMARK [3][-]{subsubsection.3.9.6}{\376\377\133\242\142\067\172\357\162\266\140\001\147\072\116\016\176\310\172\357\165\114\227\142}{subsection.3.9}% 68
\BOOKMARK [3][-]{subsubsection.3.9.7}{\376\377\201\352\122\250\117\335\133\130\060\001\131\007\116\375\116\016\145\345\137\327}{subsection.3.9}% 69
\BOOKMARK [3][-]{subsubsection.3.9.8}{\376\377\123\125\121\103\155\113\213\325}{subsection.3.9}% 70
